This is XeTeX, Version 3.141592653-2.6-0.999995 (TeX Live 2023) (preloaded format=xelatex 2023.5.20)  21 MAY 2023 19:22
entering extended mode
 restricted \write18 enabled.
 %&-line parsing enabled.
**myBookfile.tex
(./myBookfile.tex
LaTeX2e <2022-11-01> patch level 1
L3 programming layer <2023-05-15> (/home/deepak/.TinyTeX/texmf-dist/tex/latex/base/book.cls
Document Class: book 2022/07/02 v1.4n Standard LaTeX document class
(/home/deepak/.TinyTeX/texmf-dist/tex/latex/base/bk10.clo
File: bk10.clo 2022/07/02 v1.4n Standard LaTeX file (size option)
)
\c@part=\count181
\c@chapter=\count182
\c@section=\count183
\c@subsection=\count184
\c@subsubsection=\count185
\c@paragraph=\count186
\c@subparagraph=\count187
\c@figure=\count188
\c@table=\count189
\abovecaptionskip=\skip48
\belowcaptionskip=\skip49
\bibindent=\dimen140
) (/home/deepak/.TinyTeX/texmf-dist/tex/latex/amsmath/amsmath.sty
Package: amsmath 2022/04/08 v2.17n AMS math features
\@mathmargin=\skip50
For additional information on amsmath, use the `?' option.
(/home/deepak/.TinyTeX/texmf-dist/tex/latex/amsmath/amstext.sty
Package: amstext 2021/08/26 v2.01 AMS text
(/home/deepak/.TinyTeX/texmf-dist/tex/latex/amsmath/amsgen.sty
File: amsgen.sty 1999/11/30 v2.0 generic functions
\@emptytoks=\toks16
\ex@=\dimen141
)) (/home/deepak/.TinyTeX/texmf-dist/tex/latex/amsmath/amsbsy.sty
Package: amsbsy 1999/11/29 v1.2d Bold Symbols
\pmbraise@=\dimen142
) (/home/deepak/.TinyTeX/texmf-dist/tex/latex/amsmath/amsopn.sty
Package: amsopn 2022/04/08 v2.04 operator names
)
\inf@bad=\count190
LaTeX Info: Redefining \frac on input line 234.
\uproot@=\count191
\leftroot@=\count192
LaTeX Info: Redefining \overline on input line 399.
LaTeX Info: Redefining \colon on input line 410.
\classnum@=\count193
\DOTSCASE@=\count194
LaTeX Info: Redefining \ldots on input line 496.
LaTeX Info: Redefining \dots on input line 499.
LaTeX Info: Redefining \cdots on input line 620.
\Mathstrutbox@=\box51
\strutbox@=\box52
LaTeX Info: Redefining \big on input line 722.
LaTeX Info: Redefining \Big on input line 723.
LaTeX Info: Redefining \bigg on input line 724.
LaTeX Info: Redefining \Bigg on input line 725.
\big@size=\dimen143
LaTeX Font Info:    Redeclaring font encoding OML on input line 743.
LaTeX Font Info:    Redeclaring font encoding OMS on input line 744.
\macc@depth=\count195
LaTeX Info: Redefining \bmod on input line 905.
LaTeX Info: Redefining \pmod on input line 910.
LaTeX Info: Redefining \smash on input line 940.
LaTeX Info: Redefining \relbar on input line 970.
LaTeX Info: Redefining \Relbar on input line 971.
\c@MaxMatrixCols=\count196
\dotsspace@=\muskip16
\c@parentequation=\count197
\dspbrk@lvl=\count198
\tag@help=\toks17
\row@=\count199
\column@=\count266
\maxfields@=\count267
\andhelp@=\toks18
\eqnshift@=\dimen144
\alignsep@=\dimen145
\tagshift@=\dimen146
\tagwidth@=\dimen147
\totwidth@=\dimen148
\lineht@=\dimen149
\@envbody=\toks19
\multlinegap=\skip51
\multlinetaggap=\skip52
\mathdisplay@stack=\toks20
LaTeX Info: Redefining \[ on input line 2953.
LaTeX Info: Redefining \] on input line 2954.
) (/home/deepak/.TinyTeX/texmf-dist/tex/latex/amsfonts/amssymb.sty
Package: amssymb 2013/01/14 v3.01 AMS font symbols
(/home/deepak/.TinyTeX/texmf-dist/tex/latex/amsfonts/amsfonts.sty
Package: amsfonts 2013/01/14 v3.01 Basic AMSFonts support
\symAMSa=\mathgroup4
\symAMSb=\mathgroup5
LaTeX Font Info:    Redeclaring math symbol \hbar on input line 98.
LaTeX Font Info:    Overwriting math alphabet `\mathfrak' in version `bold'
(Font)                  U/euf/m/n --> U/euf/b/n on input line 106.
)) (/home/deepak/.TinyTeX/texmf-dist/tex/latex/lm/lmodern.sty
Package: lmodern 2015/05/01 v1.6.1 Latin Modern Fonts
LaTeX Font Info:    Overwriting symbol font `operators' in version `normal'
(Font)                  OT1/cmr/m/n --> OT1/lmr/m/n on input line 22.
LaTeX Font Info:    Overwriting symbol font `letters' in version `normal'
(Font)                  OML/cmm/m/it --> OML/lmm/m/it on input line 23.
LaTeX Font Info:    Overwriting symbol font `symbols' in version `normal'
(Font)                  OMS/cmsy/m/n --> OMS/lmsy/m/n on input line 24.
LaTeX Font Info:    Overwriting symbol font `largesymbols' in version `normal'
(Font)                  OMX/cmex/m/n --> OMX/lmex/m/n on input line 25.
LaTeX Font Info:    Overwriting symbol font `operators' in version `bold'
(Font)                  OT1/cmr/bx/n --> OT1/lmr/bx/n on input line 26.
LaTeX Font Info:    Overwriting symbol font `letters' in version `bold'
(Font)                  OML/cmm/b/it --> OML/lmm/b/it on input line 27.
LaTeX Font Info:    Overwriting symbol font `symbols' in version `bold'
(Font)                  OMS/cmsy/b/n --> OMS/lmsy/b/n on input line 28.
LaTeX Font Info:    Overwriting symbol font `largesymbols' in version `bold'
(Font)                  OMX/cmex/m/n --> OMX/lmex/m/n on input line 29.
LaTeX Font Info:    Overwriting math alphabet `\mathbf' in version `normal'
(Font)                  OT1/cmr/bx/n --> OT1/lmr/bx/n on input line 31.
LaTeX Font Info:    Overwriting math alphabet `\mathsf' in version `normal'
(Font)                  OT1/cmss/m/n --> OT1/lmss/m/n on input line 32.
LaTeX Font Info:    Overwriting math alphabet `\mathit' in version `normal'
(Font)                  OT1/cmr/m/it --> OT1/lmr/m/it on input line 33.
LaTeX Font Info:    Overwriting math alphabet `\mathtt' in version `normal'
(Font)                  OT1/cmtt/m/n --> OT1/lmtt/m/n on input line 34.
LaTeX Font Info:    Overwriting math alphabet `\mathbf' in version `bold'
(Font)                  OT1/cmr/bx/n --> OT1/lmr/bx/n on input line 35.
LaTeX Font Info:    Overwriting math alphabet `\mathsf' in version `bold'
(Font)                  OT1/cmss/bx/n --> OT1/lmss/bx/n on input line 36.
LaTeX Font Info:    Overwriting math alphabet `\mathit' in version `bold'
(Font)                  OT1/cmr/bx/it --> OT1/lmr/bx/it on input line 37.
LaTeX Font Info:    Overwriting math alphabet `\mathtt' in version `bold'
(Font)                  OT1/cmtt/m/n --> OT1/lmtt/m/n on input line 38.
) (/home/deepak/.TinyTeX/texmf-dist/tex/generic/iftex/iftex.sty
Package: iftex 2022/02/03 v1.0f TeX engine tests
) (/home/deepak/.TinyTeX/texmf-dist/tex/latex/unicode-math/unicode-math.sty (/home/deepak/.TinyTeX/texmf-dist/tex/latex/l3kernel/expl3.sty
Package: expl3 2023-05-15 L3 programming layer (loader) 
(/home/deepak/.TinyTeX/texmf-dist/tex/latex/l3backend/l3backend-xetex.def
File: l3backend-xetex.def 2023-04-19 L3 backend support: XeTeX
\g__graphics_track_int=\count268
\l__pdf_internal_box=\box53
\g__pdf_backend_object_int=\count269
\g__pdf_backend_annotation_int=\count270
\g__pdf_backend_link_int=\count271
))
Package: unicode-math 2020/01/31 v0.8q Unicode maths in XeLaTeX and LuaLaTeX
(/home/deepak/.TinyTeX/texmf-dist/tex/latex/unicode-math/unicode-math-xetex.sty
Package: unicode-math-xetex 2020/01/31 v0.8q Unicode maths in XeLaTeX and LuaLaTeX
(/home/deepak/.TinyTeX/texmf-dist/tex/latex/l3packages/xparse/xparse.sty
Package: xparse 2023-02-02 L3 Experimental document command parser
) (/home/deepak/.TinyTeX/texmf-dist/tex/latex/l3packages/l3keys2e/l3keys2e.sty
Package: l3keys2e 2023-02-02 LaTeX2e option processing using LaTeX3 keys
) (/home/deepak/.TinyTeX/texmf-dist/tex/latex/fontspec/fontspec.sty
Package: fontspec 2022/01/15 v2.8a Font selection for XeLaTeX and LuaLaTeX
(/home/deepak/.TinyTeX/texmf-dist/tex/latex/fontspec/fontspec-xetex.sty
Package: fontspec-xetex 2022/01/15 v2.8a Font selection for XeLaTeX and LuaLaTeX
\l__fontspec_script_int=\count272
\l__fontspec_language_int=\count273
\l__fontspec_strnum_int=\count274
\l__fontspec_tmp_int=\count275
\l__fontspec_tmpa_int=\count276
\l__fontspec_tmpb_int=\count277
\l__fontspec_tmpc_int=\count278
\l__fontspec_em_int=\count279
\l__fontspec_emdef_int=\count280
\l__fontspec_strong_int=\count281
\l__fontspec_strongdef_int=\count282
\l__fontspec_tmpa_dim=\dimen150
\l__fontspec_tmpb_dim=\dimen151
\l__fontspec_tmpc_dim=\dimen152
(/home/deepak/.TinyTeX/texmf-dist/tex/latex/base/fontenc.sty
Package: fontenc 2021/04/29 v2.0v Standard LaTeX package
) (/home/deepak/.TinyTeX/texmf-dist/tex/latex/fontspec/fontspec.cfg))) (/home/deepak/.TinyTeX/texmf-dist/tex/latex/base/fix-cm.sty
Package: fix-cm 2020/11/24 v1.1t fixes to LaTeX
(/home/deepak/.TinyTeX/texmf-dist/tex/latex/base/ts1enc.def
File: ts1enc.def 2001/06/05 v3.0e (jk/car/fm) Standard LaTeX file
LaTeX Font Info:    Redeclaring font encoding TS1 on input line 47.
))
\g__um_fam_int=\count283
\g__um_fonts_used_int=\count284
\l__um_primecount_int=\count285
\g__um_primekern_muskip=\muskip17
(/home/deepak/.TinyTeX/texmf-dist/tex/latex/unicode-math/unicode-math-table.tex))) (/home/deepak/.TinyTeX/texmf-dist/tex/latex/xcolor/xcolor.sty
Package: xcolor 2022/06/12 v2.14 LaTeX color extensions (UK)
(/home/deepak/.TinyTeX/texmf-dist/tex/latex/graphics-cfg/color.cfg
File: color.cfg 2016/01/02 v1.6 sample color configuration
)
Package xcolor Info: Driver file: xetex.def on input line 227.
(/home/deepak/.TinyTeX/texmf-dist/tex/latex/graphics-def/xetex.def
File: xetex.def 2022/09/22 v5.0n Graphics/color driver for xetex
) (/home/deepak/.TinyTeX/texmf-dist/tex/latex/graphics/mathcolor.ltx)
Package xcolor Info: Model `cmy' substituted by `cmy0' on input line 1353.
Package xcolor Info: Model `RGB' extended on input line 1369.
Package xcolor Info: Model `HTML' substituted by `rgb' on input line 1371.
Package xcolor Info: Model `Hsb' substituted by `hsb' on input line 1372.
Package xcolor Info: Model `tHsb' substituted by `hsb' on input line 1373.
Package xcolor Info: Model `HSB' substituted by `hsb' on input line 1374.
Package xcolor Info: Model `Gray' substituted by `gray' on input line 1375.
Package xcolor Info: Model `wave' substituted by `hsb' on input line 1376.
) (/home/deepak/.TinyTeX/texmf-dist/tex/latex/fancyvrb/fancyvrb.sty
Package: fancyvrb 2023/01/19 4.5a verbatim text (tvz,hv)
(/home/deepak/.TinyTeX/texmf-dist/tex/latex/graphics/keyval.sty
Package: keyval 2022/05/29 v1.15 key=value parser (DPC)
\KV@toks@=\toks21
)
\FV@CodeLineNo=\count286
\FV@InFile=\read2
\FV@TabBox=\box54
\c@FancyVerbLine=\count287
\FV@StepNumber=\count288
\FV@OutFile=\write3
) (/home/deepak/.TinyTeX/texmf-dist/tex/latex/framed/framed.sty
Package: framed 2011/10/22 v 0.96: framed or shaded text with page breaks
\OuterFrameSep=\skip53
\fb@frw=\dimen153
\fb@frh=\dimen154
\FrameRule=\dimen155
\FrameSep=\dimen156
) (/home/deepak/.TinyTeX/texmf-dist/tex/latex/tools/longtable.sty
Package: longtable 2021-09-01 v4.17 Multi-page Table package (DPC)
\LTleft=\skip54
\LTright=\skip55
\LTpre=\skip56
\LTpost=\skip57
\LTchunksize=\count289
\LTcapwidth=\dimen157
\LT@head=\box55
\LT@firsthead=\box56
\LT@foot=\box57
\LT@lastfoot=\box58
\LT@gbox=\box59
\LT@cols=\count290
\LT@rows=\count291
\c@LT@tables=\count292
\c@LT@chunks=\count293
\LT@p@ftn=\toks22
) (/home/deepak/.TinyTeX/texmf-dist/tex/latex/booktabs/booktabs.sty
Package: booktabs 2020/01/12 v1.61803398 Publication quality tables
\heavyrulewidth=\dimen158
\lightrulewidth=\dimen159
\cmidrulewidth=\dimen160
\belowrulesep=\dimen161
\belowbottomsep=\dimen162
\aboverulesep=\dimen163
\abovetopsep=\dimen164
\cmidrulesep=\dimen165
\cmidrulekern=\dimen166
\defaultaddspace=\dimen167
\@cmidla=\count294
\@cmidlb=\count295
\@aboverulesep=\dimen168
\@belowrulesep=\dimen169
\@thisruleclass=\count296
\@lastruleclass=\count297
\@thisrulewidth=\dimen170
) (/home/deepak/.TinyTeX/texmf-dist/tex/latex/tools/array.sty
Package: array 2022/09/04 v2.5g Tabular extension package (FMi)
\col@sep=\dimen171
\ar@mcellbox=\box60
\extrarowheight=\dimen172
\NC@list=\toks23
\extratabsurround=\skip58
\backup@length=\skip59
\ar@cellbox=\box61
) (/home/deepak/.TinyTeX/texmf-dist/tex/latex/tools/calc.sty
Package: calc 2017/05/25 v4.3 Infix arithmetic (KKT,FJ)
\calc@Acount=\count298
\calc@Bcount=\count299
\calc@Adimen=\dimen173
\calc@Bdimen=\dimen174
\calc@Askip=\skip60
\calc@Bskip=\skip61
LaTeX Info: Redefining \setlength on input line 80.
LaTeX Info: Redefining \addtolength on input line 81.
\calc@Ccount=\count300
\calc@Cskip=\skip62
) (/home/deepak/.TinyTeX/texmf-dist/tex/latex/etoolbox/etoolbox.sty
Package: etoolbox 2020/10/05 v2.5k e-TeX tools for LaTeX (JAW)
\etb@tempcnta=\count301
) (/home/deepak/.TinyTeX/texmf-dist/tex/latex/mdwtools/footnote.sty
Package: footnote 1997/01/28 1.13 Save footnotes around boxes
\fn@notes=\box62
\fn@width=\dimen175
) (/home/deepak/.TinyTeX/texmf-dist/tex/latex/graphics/graphicx.sty
Package: graphicx 2021/09/16 v1.2d Enhanced LaTeX Graphics (DPC,SPQR)
(/home/deepak/.TinyTeX/texmf-dist/tex/latex/graphics/graphics.sty
Package: graphics 2022/03/10 v1.4e Standard LaTeX Graphics (DPC,SPQR)
(/home/deepak/.TinyTeX/texmf-dist/tex/latex/graphics/trig.sty
Package: trig 2021/08/11 v1.11 sin cos tan (DPC)
) (/home/deepak/.TinyTeX/texmf-dist/tex/latex/graphics-cfg/graphics.cfg
File: graphics.cfg 2016/06/04 v1.11 sample graphics configuration
)
Package graphics Info: Driver file: xetex.def on input line 107.
)
\Gin@req@height=\dimen176
\Gin@req@width=\dimen177
) (/home/deepak/.TinyTeX/texmf-dist/tex/latex/multirow/multirow.sty
Package: multirow 2021/03/15 v2.8 Span multiple rows of a table
\multirow@colwidth=\skip63
\multirow@cntb=\count302
\multirow@dima=\skip64
\bigstrutjot=\dimen178
) (/home/deepak/.TinyTeX/texmf-dist/tex/latex/wrapfig/wrapfig.sty
\wrapoverhang=\dimen179
\WF@size=\dimen180
\c@WF@wrappedlines=\count303
\WF@box=\box63
\WF@everypar=\toks24
Package: wrapfig 2003/01/31  v 3.6
) (/home/deepak/.TinyTeX/texmf-dist/tex/latex/float/float.sty
Package: float 2001/11/08 v1.3d Float enhancements (AL)
\c@float@type=\count304
\float@exts=\toks25
\float@box=\box64
\@float@everytoks=\toks26
\@floatcapt=\box65
) (/home/deepak/.TinyTeX/texmf-dist/tex/latex/colortbl/colortbl.sty
Package: colortbl 2022/06/20 v1.0f Color table columns (DPC)
\everycr=\toks27
\minrowclearance=\skip65
\rownum=\count305
) (/home/deepak/.TinyTeX/texmf-dist/tex/latex/pdflscape/pdflscape.sty
Package: pdflscape 2022-10-27 v0.13 Display of landscape pages in PDF
(/home/deepak/.TinyTeX/texmf-dist/tex/latex/pdflscape/pdflscape-nometadata.sty
Package: pdflscape-nometadata 2022-10-28 v0.13 Display of landscape pages in PDF (HO)
(/home/deepak/.TinyTeX/texmf-dist/tex/latex/graphics/lscape.sty
Package: lscape 2020/05/28 v3.02 Landscape Pages (DPC)
)
Package pdflscape Info: Auto-detected driver: dvipdfm (xetex) on input line 98.
)) (/home/deepak/.TinyTeX/texmf-dist/tex/latex/tabu/tabu.sty
Package: tabu 2019/01/11 v2.9 - flexible LaTeX tabulars (FC+tabu-fixed)
(/home/deepak/.TinyTeX/texmf-dist/tex/latex/varwidth/varwidth.sty
Package: varwidth 2009/03/30 ver 0.92;  Variable-width minipages
\@vwid@box=\box66
\sift@deathcycles=\count306
\@vwid@loff=\dimen181
\@vwid@roff=\dimen182
)
\c@taburow=\count307
\tabu@nbcols=\count308
\tabu@cnt=\count309
\tabu@Xcol=\count310
\tabu@alloc=\count311
\tabu@nested=\count312
\tabu@target=\dimen183
\tabu@spreadtarget=\dimen184
\tabu@naturalX=\dimen185
\tabucolX=\dimen186
\tabu@Xsum=\dimen187
\extrarowdepth=\dimen188
\abovetabulinesep=\dimen189
\belowtabulinesep=\dimen190
\tabustrutrule=\dimen191
\tabu@thebody=\toks28
\tabu@footnotes=\toks29
\tabu@box=\box67
\tabu@arstrutbox=\box68
\tabu@hleads=\box69
\tabu@vleads=\box70
\tabu@cellskip=\skip66
) (/home/deepak/.TinyTeX/texmf-dist/tex/latex/threeparttable/threeparttable.sty
Package: threeparttable 2003/06/13  v 3.0
\@tempboxb=\box71
) (/home/deepak/.TinyTeX/texmf-dist/tex/latex/threeparttablex/threeparttablex.sty
Package: threeparttablex 2013/07/23 v0.3 by daleif
(/home/deepak/.TinyTeX/texmf-dist/tex/latex/environ/environ.sty
Package: environ 2014/05/04 v0.3 A new way to define environments
(/home/deepak/.TinyTeX/texmf-dist/tex/latex/trimspaces/trimspaces.sty
Package: trimspaces 2009/09/17 v1.1 Trim spaces around a token list
))
\TPTL@width=\skip67
) (/home/deepak/.TinyTeX/texmf-dist/tex/generic/ulem/ulem.sty
\UL@box=\box72
\UL@hyphenbox=\box73
\UL@skip=\skip68
\UL@hook=\toks30
\UL@height=\dimen192
\UL@pe=\count313
\UL@pixel=\dimen193
\ULC@box=\box74
Package: ulem 2019/11/18
\ULdepth=\dimen194
) (/home/deepak/.TinyTeX/texmf-dist/tex/latex/makecell/makecell.sty
Package: makecell 2009/08/03 V0.1e Managing of Tab Column Heads and Cells
\rotheadsize=\dimen195
\c@nlinenum=\count314
\TeXr@lab=\toks31
) (/home/deepak/.TinyTeX/texmf-dist/tex/latex/tools/multicol.sty
Package: multicol 2021/11/30 v1.9d multicolumn formatting (FMi)
\c@tracingmulticols=\count315
\mult@box=\box75
\multicol@leftmargin=\dimen196
\c@unbalance=\count316
\c@collectmore=\count317
\doublecol@number=\count318
\multicoltolerance=\count319
\multicolpretolerance=\count320
\full@width=\dimen197
\page@free=\dimen198
\premulticols=\dimen199
\postmulticols=\dimen256
\multicolsep=\skip69
\multicolbaselineskip=\skip70
\partial@page=\box76
\last@line=\box77
\maxbalancingoverflow=\dimen257
\mult@rightbox=\box78
\mult@grightbox=\box79
\mult@firstbox=\box80
\mult@gfirstbox=\box81
\@tempa=\box82
\@tempa=\box83
\@tempa=\box84
\@tempa=\box85
\@tempa=\box86
\@tempa=\box87
\@tempa=\box88
\@tempa=\box89
\@tempa=\box90
\@tempa=\box91
\@tempa=\box92
\@tempa=\box93
\@tempa=\box94
\@tempa=\box95
\@tempa=\box96
\@tempa=\box97
\@tempa=\box98
\@tempa=\box99
\@tempa=\box100
\@tempa=\box101
\@tempa=\box102
\@tempa=\box103
\@tempa=\box104
\@tempa=\box105
\@tempa=\box106
\@tempa=\box107
\@tempa=\box108
\@tempa=\box109
\@tempa=\box110
\@tempa=\box111
\@tempa=\box112
\@tempa=\box113
\@tempa=\box114
\@tempa=\box115
\@tempa=\box116
\@tempa=\box117
\c@minrows=\count321
\c@columnbadness=\count322
\c@finalcolumnbadness=\count323
\last@try=\dimen258
\multicolovershoot=\dimen259
\multicolundershoot=\dimen260
\mult@nat@firstbox=\box118
\colbreak@box=\box119
\mc@col@check@num=\count324
) (/home/deepak/.TinyTeX/texmf-dist/tex/latex/tools/hhline.sty
Package: hhline 2020/01/04 v2.04 Table rule package (DPC)
)
\Oldarrayrulewidth=\skip71
\Oldtabcolsep=\skip72
(/home/deepak/.TinyTeX/texmf-dist/tex/latex/hyperref/hyperref.sty
Package: hyperref 2023-04-22 v7.00x Hypertext links for LaTeX
(/home/deepak/.TinyTeX/texmf-dist/tex/generic/ltxcmds/ltxcmds.sty
Package: ltxcmds 2020-05-10 v1.25 LaTeX kernel commands for general use (HO)
) (/home/deepak/.TinyTeX/texmf-dist/tex/generic/pdftexcmds/pdftexcmds.sty
Package: pdftexcmds 2020-06-27 v0.33 Utility functions of pdfTeX for LuaTeX (HO)
(/home/deepak/.TinyTeX/texmf-dist/tex/generic/infwarerr/infwarerr.sty
Package: infwarerr 2019/12/03 v1.5 Providing info/warning/error messages (HO)
)
Package pdftexcmds Info: \pdf@primitive is available.
Package pdftexcmds Info: \pdf@ifprimitive is available.
Package pdftexcmds Info: \pdfdraftmode not found.
) (/home/deepak/.TinyTeX/texmf-dist/tex/latex/kvsetkeys/kvsetkeys.sty
Package: kvsetkeys 2022-10-05 v1.19 Key value parser (HO)
) (/home/deepak/.TinyTeX/texmf-dist/tex/generic/kvdefinekeys/kvdefinekeys.sty
Package: kvdefinekeys 2019-12-19 v1.6 Define keys (HO)
) (/home/deepak/.TinyTeX/texmf-dist/tex/generic/pdfescape/pdfescape.sty
Package: pdfescape 2019/12/09 v1.15 Implements pdfTeX's escape features (HO)
) (/home/deepak/.TinyTeX/texmf-dist/tex/latex/hycolor/hycolor.sty
Package: hycolor 2020-01-27 v1.10 Color options for hyperref/bookmark (HO)
) (/home/deepak/.TinyTeX/texmf-dist/tex/latex/letltxmacro/letltxmacro.sty
Package: letltxmacro 2019/12/03 v1.6 Let assignment for LaTeX macros (HO)
) (/home/deepak/.TinyTeX/texmf-dist/tex/latex/auxhook/auxhook.sty
Package: auxhook 2019-12-17 v1.6 Hooks for auxiliary files (HO)
) (/home/deepak/.TinyTeX/texmf-dist/tex/latex/hyperref/nameref.sty
Package: nameref 2022-05-17 v2.50 Cross-referencing by name of section
(/home/deepak/.TinyTeX/texmf-dist/tex/latex/refcount/refcount.sty
Package: refcount 2019/12/15 v3.6 Data extraction from label references (HO)
) (/home/deepak/.TinyTeX/texmf-dist/tex/generic/gettitlestring/gettitlestring.sty
Package: gettitlestring 2019/12/15 v1.6 Cleanup title references (HO)
(/home/deepak/.TinyTeX/texmf-dist/tex/latex/kvoptions/kvoptions.sty
Package: kvoptions 2022-06-15 v3.15 Key value format for package options (HO)
))
\c@section@level=\count325
)
\@linkdim=\dimen261
\Hy@linkcounter=\count326
\Hy@pagecounter=\count327
(/home/deepak/.TinyTeX/texmf-dist/tex/latex/hyperref/pd1enc.def
File: pd1enc.def 2023-04-22 v7.00x Hyperref: PDFDocEncoding definition (HO)
) (/home/deepak/.TinyTeX/texmf-dist/tex/generic/intcalc/intcalc.sty
Package: intcalc 2019/12/15 v1.3 Expandable calculations with integers (HO)
)
\Hy@SavedSpaceFactor=\count328
(/home/deepak/.TinyTeX/texmf-dist/tex/latex/hyperref/puenc.def
File: puenc.def 2023-04-22 v7.00x Hyperref: PDF Unicode definition (HO)
)
Package hyperref Info: Option `unicode' set `true' on input line 4065.
Package hyperref Info: Hyper figures OFF on input line 4182.
Package hyperref Info: Link nesting OFF on input line 4187.
Package hyperref Info: Hyper index ON on input line 4190.
Package hyperref Info: Plain pages OFF on input line 4197.
Package hyperref Info: Backreferencing OFF on input line 4202.
Package hyperref Info: Implicit mode ON; LaTeX internals redefined.
Package hyperref Info: Bookmarks ON on input line 4449.
\c@Hy@tempcnt=\count329
(/home/deepak/.TinyTeX/texmf-dist/tex/latex/url/url.sty
\Urlmuskip=\muskip18
Package: url 2013/09/16  ver 3.4  Verb mode for urls, etc.
)
LaTeX Info: Redefining \url on input line 4787.
\XeTeXLinkMargin=\dimen262
(/home/deepak/.TinyTeX/texmf-dist/tex/generic/bitset/bitset.sty
Package: bitset 2019/12/09 v1.3 Handle bit-vector datatype (HO)
(/home/deepak/.TinyTeX/texmf-dist/tex/generic/bigintcalc/bigintcalc.sty
Package: bigintcalc 2019/12/15 v1.5 Expandable calculations on big integers (HO)
))
\Fld@menulength=\count330
\Field@Width=\dimen263
\Fld@charsize=\dimen264
Package hyperref Info: Hyper figures OFF on input line 6066.
Package hyperref Info: Link nesting OFF on input line 6071.
Package hyperref Info: Hyper index ON on input line 6074.
Package hyperref Info: backreferencing OFF on input line 6081.
Package hyperref Info: Link coloring OFF on input line 6086.
Package hyperref Info: Link coloring with OCG OFF on input line 6091.
Package hyperref Info: PDF/A mode OFF on input line 6096.
(/home/deepak/.TinyTeX/texmf-dist/tex/latex/base/atbegshi-ltx.sty
Package: atbegshi-ltx 2021/01/10 v1.0c Emulation of the original atbegshi
package with kernel methods
)
\Hy@abspage=\count331
\c@Item=\count332
\c@Hfootnote=\count333
)
Package hyperref Info: Driver (autodetected): hxetex.
(/home/deepak/.TinyTeX/texmf-dist/tex/latex/hyperref/hxetex.def
File: hxetex.def 2023-04-22 v7.00x Hyperref driver for XeTeX
(/home/deepak/.TinyTeX/texmf-dist/tex/generic/stringenc/stringenc.sty
Package: stringenc 2019/11/29 v1.12 Convert strings between diff. encodings (HO)
)
\pdfm@box=\box120
\c@Hy@AnnotLevel=\count334
\HyField@AnnotCount=\count335
\Fld@listcount=\count336
\c@bookmark@seq@number=\count337
(/home/deepak/.TinyTeX/texmf-dist/tex/latex/rerunfilecheck/rerunfilecheck.sty
Package: rerunfilecheck 2022-07-10 v1.10 Rerun checks for auxiliary files (HO)
(/home/deepak/.TinyTeX/texmf-dist/tex/latex/base/atveryend-ltx.sty
Package: atveryend-ltx 2020/08/19 v1.0a Emulation of the original atveryend package
with kernel methods
) (/home/deepak/.TinyTeX/texmf-dist/tex/generic/uniquecounter/uniquecounter.sty
Package: uniquecounter 2019/12/15 v1.4 Provide unlimited unique counter (HO)
)
Package uniquecounter Info: New unique counter `rerunfilecheck' on input line 285.
)
\Hy@SectionHShift=\skip73
) (/home/deepak/.TinyTeX/texmf-dist/tex/latex/caption/caption.sty
Package: caption 2023/03/12 v3.6j Customizing captions (AR)
(/home/deepak/.TinyTeX/texmf-dist/tex/latex/caption/caption3.sty
Package: caption3 2023/03/12 v2.4 caption3 kernel (AR)
\caption@tempdima=\dimen265
\captionmargin=\dimen266
\caption@leftmargin=\dimen267
\caption@rightmargin=\dimen268
\caption@width=\dimen269
\caption@indent=\dimen270
\caption@parindent=\dimen271
\caption@hangindent=\dimen272
Package caption Info: Standard document class detected.
)
\c@caption@flags=\count338
\c@continuedfloat=\count339
Package caption Info: float package is loaded.
Package caption Info: hyperref package is loaded.
Package caption Info: longtable package is loaded.
(/home/deepak/.TinyTeX/texmf-dist/tex/latex/caption/ltcaption.sty
Package: ltcaption 2021/01/08 v1.4c longtable captions (AR)
)
Package caption Info: threeparttable package is loaded.
Package caption Info: wrapfig package is loaded.
) (/home/deepak/.TinyTeX/texmf-dist/tex/latex/natbib/natbib.sty
Package: natbib 2010/09/13 8.31b (PWD, AO)
\bibhang=\skip74
\bibsep=\skip75
LaTeX Info: Redefining \cite on input line 694.
\c@NAT@ctr=\count340
) (./myBookfile.aux

LaTeX Warning: Label `tab:unnamed-chunk-3' multiply defined.

)
\openout1 = `myBookfile.aux'.

LaTeX Font Info:    Checking defaults for OML/cmm/m/it on input line 144.
LaTeX Font Info:    ... okay on input line 144.
LaTeX Font Info:    Checking defaults for OMS/cmsy/m/n on input line 144.
LaTeX Font Info:    ... okay on input line 144.
LaTeX Font Info:    Checking defaults for OT1/cmr/m/n on input line 144.
LaTeX Font Info:    ... okay on input line 144.
LaTeX Font Info:    Checking defaults for T1/cmr/m/n on input line 144.
LaTeX Font Info:    ... okay on input line 144.
LaTeX Font Info:    Checking defaults for TS1/cmr/m/n on input line 144.
LaTeX Font Info:    ... okay on input line 144.
LaTeX Font Info:    Checking defaults for TU/lmr/m/n on input line 144.
LaTeX Font Info:    ... okay on input line 144.
LaTeX Font Info:    Checking defaults for OMX/cmex/m/n on input line 144.
LaTeX Font Info:    ... okay on input line 144.
LaTeX Font Info:    Checking defaults for U/cmr/m/n on input line 144.
LaTeX Font Info:    ... okay on input line 144.
LaTeX Font Info:    Checking defaults for PD1/pdf/m/n on input line 144.
LaTeX Font Info:    ... okay on input line 144.
LaTeX Font Info:    Checking defaults for PU/pdf/m/n on input line 144.
LaTeX Font Info:    ... okay on input line 144.
LaTeX Font Info:    Overwriting math alphabet `\mathrm' in version `normal'
(Font)                  OT1/lmr/m/n --> TU/lmr/m/n on input line 144.
LaTeX Font Info:    Overwriting math alphabet `\mathit' in version `normal'
(Font)                  OT1/lmr/m/it --> TU/lmr/m/it on input line 144.
LaTeX Font Info:    Overwriting math alphabet `\mathbf' in version `normal'
(Font)                  OT1/lmr/bx/n --> TU/lmr/bx/n on input line 144.
LaTeX Font Info:    Overwriting math alphabet `\mathsf' in version `normal'
(Font)                  OT1/lmss/m/n --> TU/lmss/m/n on input line 144.
LaTeX Font Info:    Overwriting math alphabet `\mathsf' in version `bold'
(Font)                  OT1/lmss/bx/n --> TU/lmss/bx/n on input line 144.
LaTeX Font Info:    Overwriting math alphabet `\mathtt' in version `normal'
(Font)                  OT1/lmtt/m/n --> TU/lmtt/m/n on input line 144.
LaTeX Font Info:    Overwriting math alphabet `\mathtt' in version `bold'
(Font)                  OT1/lmtt/m/n --> TU/lmtt/bx/n on input line 144.

Package fontspec Info: latinmodern-math scale = 0.9999964596882403.


Package fontspec Info: latinmodern-math scale = 0.9999964596882403.


Package fontspec Info: latinmodern-math scale = 0.9999964596882403.


Package fontspec Info: Font family 'latinmodern-math.otf(0)' created for font
(fontspec)             'latinmodern-math.otf' with options
(fontspec)             [Scale=MatchLowercase,BoldItalicFont={},ItalicFont={},SmallCapsFont={},Script=Math,BoldFont={latinmodern-math.otf}].
(fontspec)              
(fontspec)              This font family consists of the following NFSS
(fontspec)             series/shapes:
(fontspec)              
(fontspec)             - 'normal' (m/n) with NFSS spec.:
(fontspec)             <->s*[0.9999964596882403]"[latinmodern-math.otf]/OT:script=math;language=dflt;"
(fontspec)             - 'small caps'  (m/sc) with NFSS spec.: 
(fontspec)             - 'bold' (b/n) with NFSS spec.:
(fontspec)             <->s*[0.9999964596882403]"[latinmodern-math.otf]/OT:script=math;language=dflt;"
(fontspec)             - 'bold small caps'  (b/sc) with NFSS spec.: 

LaTeX Font Info:    Font shape `TU/latinmodern-math.otf(0)/m/n' will be
(Font)              scaled to size 10.0pt on input line 144.

Package fontspec Info: latinmodern-math scale = 0.9999964596882403.


Package fontspec Info: latinmodern-math scale = 0.9999964596882403.


Package fontspec Info: latinmodern-math scale = 0.9999964596882403.


Package fontspec Info: latinmodern-math scale = 0.9999964596882403.


Package fontspec Info: latinmodern-math scale = 0.9999964596882403.


Package fontspec Info: Font family 'latinmodern-math.otf(1)' created for font
(fontspec)             'latinmodern-math.otf' with options
(fontspec)             [Scale=MatchLowercase,BoldItalicFont={},ItalicFont={},SmallCapsFont={},Script=Math,SizeFeatures={{Size=8.5-},{Size=6-8.5,Font=latinmodern-math.otf,Style=MathScript},{Size=-6,Font=latinmodern-math.otf,Style=MathScriptScript}},BoldFont={latinmodern-math.otf}].
(fontspec)              
(fontspec)              This font family consists of the following NFSS
(fontspec)             series/shapes:
(fontspec)              
(fontspec)             - 'normal' (m/n) with NFSS spec.:
(fontspec)             <8.5->s*[0.9999964596882403]"[latinmodern-math.otf]/OT:script=math;language=dflt;"<6-8.5>s*[0.9999964596882403]"[latinmodern-math.otf]/OT:script=math;language=dflt;+ssty=0;"<-6>s*[0.9999964596882403]"[latinmodern-math.otf]/OT:script=math;language=dflt;+ssty=1;"
(fontspec)             - 'small caps'  (m/sc) with NFSS spec.: 
(fontspec)             - 'bold' (b/n) with NFSS spec.:
(fontspec)             <->s*[0.9999964596882403]"[latinmodern-math.otf]/OT:script=math;language=dflt;"
(fontspec)             - 'bold small caps'  (b/sc) with NFSS spec.: 

LaTeX Font Info:    Font shape `TU/latinmodern-math.otf(1)/m/n' will be
(Font)              scaled to size 10.0pt on input line 144.
LaTeX Font Info:    Encoding `OT1' has changed to `TU' for symbol font
(Font)              `operators' in the math version `normal' on input line 144.
LaTeX Font Info:    Overwriting symbol font `operators' in version `normal'
(Font)                  OT1/lmr/m/n --> TU/latinmodern-math.otf(1)/m/n on input line 144.
LaTeX Font Info:    Encoding `OT1' has changed to `TU' for symbol font
(Font)              `operators' in the math version `bold' on input line 144.
LaTeX Font Info:    Overwriting symbol font `operators' in version `bold'
(Font)                  OT1/lmr/bx/n --> TU/latinmodern-math.otf(1)/b/n on input line 144.

Package fontspec Info: latinmodern-math scale = 0.9999964596882403.


Package fontspec Info: latinmodern-math scale = 1.000096459334209.


Package fontspec Info: latinmodern-math scale = 0.9999964596882403.


Package fontspec Info: latinmodern-math scale = 1.000096459334209.


Package fontspec Info: latinmodern-math scale = 0.9999964596882403.


Package fontspec Info: latinmodern-math scale = 1.000096459334209.


Package fontspec Info: latinmodern-math scale = 0.9999964596882403.


Package fontspec Info: latinmodern-math scale = 1.000096459334209.


Package fontspec Info: latinmodern-math scale = 0.9999964596882403.


Package fontspec Info: latinmodern-math scale = 1.000096459334209.


Package fontspec Info: Font family 'latinmodern-math.otf(2)' created for font
(fontspec)             'latinmodern-math.otf' with options
(fontspec)             [Scale=MatchLowercase,BoldItalicFont={},ItalicFont={},SmallCapsFont={},Script=Math,SizeFeatures={{Size=8.5-},{Size=6-8.5,Font=latinmodern-math.otf,Style=MathScript},{Size=-6,Font=latinmodern-math.otf,Style=MathScriptScript}},BoldFont={latinmodern-math.otf},ScaleAgain=1.0001,FontAdjustment={\fontdimen
(fontspec)             8\font =6.77pt\relax \fontdimen 9\font =3.94pt\relax
(fontspec)             \fontdimen 10\font =4.44pt\relax \fontdimen 11\font
(fontspec)             =6.86pt\relax \fontdimen 12\font =3.45pt\relax
(fontspec)             \fontdimen 13\font =3.63pt\relax \fontdimen 14\font
(fontspec)             =3.63pt\relax \fontdimen 15\font =2.89pt\relax
(fontspec)             \fontdimen 16\font =2.47pt\relax \fontdimen 17\font
(fontspec)             =2.47pt\relax \fontdimen 18\font =2.5pt\relax
(fontspec)             \fontdimen 19\font =2.0pt\relax \fontdimen 22\font
(fontspec)             =2.5pt\relax \fontdimen 20\font =0pt\relax \fontdimen
(fontspec)             21\font =0pt\relax }].
(fontspec)              
(fontspec)              This font family consists of the following NFSS
(fontspec)             series/shapes:
(fontspec)              
(fontspec)             - 'normal' (m/n) with NFSS spec.:
(fontspec)             <8.5->s*[1.000096459334209]"[latinmodern-math.otf]/OT:script=math;language=dflt;"<6-8.5>s*[1.000096459334209]"[latinmodern-math.otf]/OT:script=math;language=dflt;+ssty=0;"<-6>s*[1.000096459334209]"[latinmodern-math.otf]/OT:script=math;language=dflt;+ssty=1;"
(fontspec)             - 'small caps'  (m/sc) with NFSS spec.: 
(fontspec)             and font adjustment code:
(fontspec)             \fontdimen 8\font =6.77pt\relax \fontdimen 9\font
(fontspec)             =3.94pt\relax \fontdimen 10\font =4.44pt\relax
(fontspec)             \fontdimen 11\font =6.86pt\relax \fontdimen 12\font
(fontspec)             =3.45pt\relax \fontdimen 13\font =3.63pt\relax
(fontspec)             \fontdimen 14\font =3.63pt\relax \fontdimen 15\font
(fontspec)             =2.89pt\relax \fontdimen 16\font =2.47pt\relax
(fontspec)             \fontdimen 17\font =2.47pt\relax \fontdimen 18\font
(fontspec)             =2.5pt\relax \fontdimen 19\font =2.0pt\relax \fontdimen
(fontspec)             22\font =2.5pt\relax \fontdimen 20\font =0pt\relax
(fontspec)             \fontdimen 21\font =0pt\relax 
(fontspec)             - 'bold' (b/n) with NFSS spec.:
(fontspec)             <->s*[1.000096459334209]"[latinmodern-math.otf]/OT:script=math;language=dflt;"
(fontspec)             - 'bold small caps'  (b/sc) with NFSS spec.: 
(fontspec)             and font adjustment code:
(fontspec)             \fontdimen 8\font =6.77pt\relax \fontdimen 9\font
(fontspec)             =3.94pt\relax \fontdimen 10\font =4.44pt\relax
(fontspec)             \fontdimen 11\font =6.86pt\relax \fontdimen 12\font
(fontspec)             =3.45pt\relax \fontdimen 13\font =3.63pt\relax
(fontspec)             \fontdimen 14\font =3.63pt\relax \fontdimen 15\font
(fontspec)             =2.89pt\relax \fontdimen 16\font =2.47pt\relax
(fontspec)             \fontdimen 17\font =2.47pt\relax \fontdimen 18\font
(fontspec)             =2.5pt\relax \fontdimen 19\font =2.0pt\relax \fontdimen
(fontspec)             22\font =2.5pt\relax \fontdimen 20\font =0pt\relax
(fontspec)             \fontdimen 21\font =0pt\relax 

LaTeX Font Info:    Encoding `OMS' has changed to `TU' for symbol font
(Font)              `symbols' in the math version `normal' on input line 144.
LaTeX Font Info:    Overwriting symbol font `symbols' in version `normal'
(Font)                  OMS/lmsy/m/n --> TU/latinmodern-math.otf(2)/m/n on input line 144.
LaTeX Font Info:    Encoding `OMS' has changed to `TU' for symbol font
(Font)              `symbols' in the math version `bold' on input line 144.
LaTeX Font Info:    Overwriting symbol font `symbols' in version `bold'
(Font)                  OMS/lmsy/b/n --> TU/latinmodern-math.otf(2)/b/n on input line 144.

Package fontspec Info: latinmodern-math scale = 0.9999964596882403.


Package fontspec Info: latinmodern-math scale = 0.9998964600422715.


Package fontspec Info: latinmodern-math scale = 0.9999964596882403.


Package fontspec Info: latinmodern-math scale = 0.9998964600422715.


Package fontspec Info: latinmodern-math scale = 0.9999964596882403.


Package fontspec Info: latinmodern-math scale = 0.9998964600422715.


Package fontspec Info: latinmodern-math scale = 0.9999964596882403.


Package fontspec Info: latinmodern-math scale = 0.9998964600422715.


Package fontspec Info: latinmodern-math scale = 0.9999964596882403.


Package fontspec Info: latinmodern-math scale = 0.9998964600422715.


Package fontspec Info: Font family 'latinmodern-math.otf(3)' created for font
(fontspec)             'latinmodern-math.otf' with options
(fontspec)             [Scale=MatchLowercase,BoldItalicFont={},ItalicFont={},SmallCapsFont={},Script=Math,SizeFeatures={{Size=8.5-},{Size=6-8.5,Font=latinmodern-math.otf,Style=MathScript},{Size=-6,Font=latinmodern-math.otf,Style=MathScriptScript}},BoldFont={latinmodern-math.otf},ScaleAgain=0.9999,FontAdjustment={\fontdimen
(fontspec)             8\font =0.4pt\relax \fontdimen 9\font =2.0pt\relax
(fontspec)             \fontdimen 10\font =1.67pt\relax \fontdimen 11\font
(fontspec)             =1.11pt\relax \fontdimen 12\font =6.0pt\relax
(fontspec)             \fontdimen 13\font =0pt\relax }].
(fontspec)              
(fontspec)              This font family consists of the following NFSS
(fontspec)             series/shapes:
(fontspec)              
(fontspec)             - 'normal' (m/n) with NFSS spec.:
(fontspec)             <8.5->s*[0.9998964600422715]"[latinmodern-math.otf]/OT:script=math;language=dflt;"<6-8.5>s*[0.9998964600422715]"[latinmodern-math.otf]/OT:script=math;language=dflt;+ssty=0;"<-6>s*[0.9998964600422715]"[latinmodern-math.otf]/OT:script=math;language=dflt;+ssty=1;"
(fontspec)             - 'small caps'  (m/sc) with NFSS spec.: 
(fontspec)             and font adjustment code:
(fontspec)             \fontdimen 8\font =0.4pt\relax \fontdimen 9\font
(fontspec)             =2.0pt\relax \fontdimen 10\font =1.67pt\relax
(fontspec)             \fontdimen 11\font =1.11pt\relax \fontdimen 12\font
(fontspec)             =6.0pt\relax \fontdimen 13\font =0pt\relax 
(fontspec)             - 'bold' (b/n) with NFSS spec.:
(fontspec)             <->s*[0.9998964600422715]"[latinmodern-math.otf]/OT:script=math;language=dflt;"
(fontspec)             - 'bold small caps'  (b/sc) with NFSS spec.: 
(fontspec)             and font adjustment code:
(fontspec)             \fontdimen 8\font =0.4pt\relax \fontdimen 9\font
(fontspec)             =2.0pt\relax \fontdimen 10\font =1.67pt\relax
(fontspec)             \fontdimen 11\font =1.11pt\relax \fontdimen 12\font
(fontspec)             =6.0pt\relax \fontdimen 13\font =0pt\relax 

LaTeX Font Info:    Encoding `OMX' has changed to `TU' for symbol font
(Font)              `largesymbols' in the math version `normal' on input line 144.
LaTeX Font Info:    Overwriting symbol font `largesymbols' in version `normal'
(Font)                  OMX/lmex/m/n --> TU/latinmodern-math.otf(3)/m/n on input line 144.
LaTeX Font Info:    Encoding `OMX' has changed to `TU' for symbol font
(Font)              `largesymbols' in the math version `bold' on input line 144.
LaTeX Font Info:    Overwriting symbol font `largesymbols' in version `bold'
(Font)                  OMX/lmex/m/n --> TU/latinmodern-math.otf(3)/b/n on input line 144.
Package hyperref Info: Link coloring OFF on input line 144.
(./myBookfile.out) (./myBookfile.out)
\@outlinefile=\write4
\openout4 = `myBookfile.out'.

Package caption Info: Begin \AtBeginDocument code.
Package caption Info: End \AtBeginDocument code.
LaTeX Font Info:    Font shape `TU/latinmodern-math.otf(1)/m/n' will be
(Font)              scaled to size 12.0pt on input line 146.
LaTeX Font Info:    Font shape `TU/latinmodern-math.otf(1)/m/n' will be
(Font)              scaled to size 8.0pt on input line 146.
LaTeX Font Info:    Font shape `TU/latinmodern-math.otf(1)/m/n' will be
(Font)              scaled to size 6.0pt on input line 146.
LaTeX Font Info:    Trying to load font information for OML+lmm on input line 146.
(/home/deepak/.TinyTeX/texmf-dist/tex/latex/lm/omllmm.fd
File: omllmm.fd 2015/05/01 v1.6.1 Font defs for Latin Modern
)
LaTeX Font Info:    Font shape `TU/latinmodern-math.otf(2)/m/n' will be
(Font)              scaled to size 12.0011pt on input line 146.
LaTeX Font Info:    Font shape `TU/latinmodern-math.otf(2)/m/n' will be
(Font)              scaled to size 8.00073pt on input line 146.
LaTeX Font Info:    Font shape `TU/latinmodern-math.otf(2)/m/n' will be
(Font)              scaled to size 6.00055pt on input line 146.
LaTeX Font Info:    Font shape `TU/latinmodern-math.otf(3)/m/n' will be
(Font)              scaled to size 11.99872pt on input line 146.
LaTeX Font Info:    Font shape `TU/latinmodern-math.otf(3)/m/n' will be
(Font)              scaled to size 7.99915pt on input line 146.
LaTeX Font Info:    Font shape `TU/latinmodern-math.otf(3)/m/n' will be
(Font)              scaled to size 5.99936pt on input line 146.
LaTeX Font Info:    Trying to load font information for U+msa on input line 146.
(/home/deepak/.TinyTeX/texmf-dist/tex/latex/amsfonts/umsa.fd
File: umsa.fd 2013/01/14 v3.01 AMS symbols A
)
LaTeX Font Info:    Trying to load font information for U+msb on input line 146.
(/home/deepak/.TinyTeX/texmf-dist/tex/latex/amsfonts/umsb.fd
File: umsb.fd 2013/01/14 v3.01 AMS symbols B
) [1


] [2

] (./myBookfile.toc
LaTeX Font Info:    Font shape `TU/latinmodern-math.otf(1)/m/n' will be
(Font)              scaled to size 7.0pt on input line 2.
LaTeX Font Info:    Font shape `TU/latinmodern-math.otf(1)/m/n' will be
(Font)              scaled to size 5.0pt on input line 2.
LaTeX Font Info:    Font shape `TU/latinmodern-math.otf(2)/m/n' will be
(Font)              scaled to size 10.00092pt on input line 2.
LaTeX Font Info:    Font shape `TU/latinmodern-math.otf(2)/m/n' will be
(Font)              scaled to size 7.00064pt on input line 2.
LaTeX Font Info:    Font shape `TU/latinmodern-math.otf(2)/m/n' will be
(Font)              scaled to size 5.00046pt on input line 2.
LaTeX Font Info:    Font shape `TU/latinmodern-math.otf(3)/m/n' will be
(Font)              scaled to size 9.99893pt on input line 2.
LaTeX Font Info:    Font shape `TU/latinmodern-math.otf(3)/m/n' will be
(Font)              scaled to size 6.99925pt on input line 2.
LaTeX Font Info:    Font shape `TU/latinmodern-math.otf(3)/m/n' will be
(Font)              scaled to size 4.99947pt on input line 2.
[3] [4] [5] [6])
\tf@toc=\write5
\openout5 = `myBookfile.toc'.

[7] [8

] [9] [10

] [11] [12]
Chapter 1.
[13

] [14]
Underfull \hbox (badness 1337) in paragraph at lines 274--276
[]\TU/lmr/m/n/10 Alternatively, you can install the \TU/lmtt/m/n/10 tinytex \TU/lmr/m/n/10 R package by running
 []


Overfull \hbox (40.82124pt too wide) has occurred while \output is active
\TU/lmr/m/sl/10 1.5.  INSTALL LATEX (FOR KNITTING R MARKDOWN DOCUMENTS TO PDF): \TU/lmr/m/n/10 15
 []

[15] [16] [17] [18

]
Chapter 2.

Underfull \hbox (badness 2359) in paragraph at lines 366--367
[]\TU/lmr/m/n/10 Markdown is a simple formatting syntax for authoring HTML, PDF,
 []

[19]
Underfull \hbox (badness 1629) in paragraph at lines 406--406
[]\TU/lmr/m/n/10 You can embed Latex equations in-line, \TU/lmtt/m/n/10 $\frac{1}{n} \sum_{i=1}^{n}
 []


Underfull \hbox (badness 1412) in paragraph at lines 406--406
\TU/lmtt/m/n/10 x_{i}$ \TU/lmr/m/n/10 to produce $[] [][] [][]$ or in a new line as \TU/lmtt/m/n/10 $$\text{Var}(X) =
 []

[20]
File: Rmarkdown_files/figure-latex/pie-1.pdf Graphic file (type pdf)
<use Rmarkdown_files/figure-latex/pie-1.pdf>
[21] [22] [23] [24

]
Chapter 3.
LaTeX Font Info:    Font shape `TU/lmtt/bx/n' in size <14.4> not available
(Font)              Font shape `TU/lmtt/b/n' tried instead on input line 551.
File: Cool_R_codes_files/figure-latex/unnamed-chunk-1-1.pdf Graphic file (type pdf)
<use Cool_R_codes_files/figure-latex/unnamed-chunk-1-1.pdf>

Underfull \vbox (badness 10000) has occurred while \output is active []

[25]
File: Cool_R_codes_files/figure-latex/unnamed-chunk-2-1.pdf Graphic file (type pdf)
<use Cool_R_codes_files/figure-latex/unnamed-chunk-2-1.pdf>

Underfull \vbox (badness 10000) has occurred while \output is active []

[26] [27] [28]
Chapter 4.
[29

] [30]
Chapter 5.

Underfull \hbox (badness 1546) in paragraph at lines 739--740
\TU/lmr/m/n/10 To automatically add figure numbers and captions, include the option
 []

File: graphformatting_files/figure-latex/unnamed-chunk-2-1.pdf Graphic file (type pdf)
<use graphformatting_files/figure-latex/unnamed-chunk-2-1.pdf>
[31

]
File: graphformatting_files/figure-latex/unnamed-chunk-3-1.pdf Graphic file (type pdf)
<use graphformatting_files/figure-latex/unnamed-chunk-3-1.pdf>

Underfull \vbox (badness 10000) has occurred while \output is active []

[32]
File: graphformatting_files/figure-latex/unnamed-chunk-4-1.pdf Graphic file (type pdf)
<use graphformatting_files/figure-latex/unnamed-chunk-4-1.pdf>

Underfull \vbox (badness 10000) has occurred while \output is active []

[33]
File: graphformatting_files/figure-latex/fig4-1.pdf Graphic file (type pdf)
<use graphformatting_files/figure-latex/fig4-1.pdf>
[34]
File: graphformatting_files/figure-latex/unnamed-chunk-5-1.pdf Graphic file (type pdf)
<use graphformatting_files/figure-latex/unnamed-chunk-5-1.pdf>

Underfull \vbox (badness 10000) has occurred while \output is active []

[35]
File: graphformatting_files/figure-latex/unnamed-chunk-6-1.pdf Graphic file (type pdf)
<use graphformatting_files/figure-latex/unnamed-chunk-6-1.pdf>

Underfull \vbox (badness 10000) has occurred while \output is active []

[36] [37]
File: graphformatting_files/figure-latex/unnamed-chunk-8-1.pdf Graphic file (type pdf)
<use graphformatting_files/figure-latex/unnamed-chunk-8-1.pdf>
File: graphformatting_files/figure-latex/unnamed-chunk-9-1.pdf Graphic file (type pdf)
<use graphformatting_files/figure-latex/unnamed-chunk-9-1.pdf>

Underfull \vbox (badness 6978) has occurred while \output is active []

[38]
File: graphformatting_files/figure-latex/unnamed-chunk-10-1.pdf Graphic file (type pdf)
<use graphformatting_files/figure-latex/unnamed-chunk-10-1.pdf>

Underfull \vbox (badness 10000) has occurred while \output is active []

[39]
File: graphformatting_files/figure-latex/unnamed-chunk-11-1.pdf Graphic file (type pdf)
<use graphformatting_files/figure-latex/unnamed-chunk-11-1.pdf>

Underfull \vbox (badness 10000) has occurred while \output is active []

[40]
File: graphformatting_files/figure-latex/unnamed-chunk-12-1.pdf Graphic file (type pdf)
<use graphformatting_files/figure-latex/unnamed-chunk-12-1.pdf>

Underfull \vbox (badness 10000) has occurred while \output is active []

[41]
File: graphformatting_files/figure-latex/fig6-1.pdf Graphic file (type pdf)
<use graphformatting_files/figure-latex/fig6-1.pdf>
[42]
File: graphformatting_files/figure-latex/unnamed-chunk-13-1.pdf Graphic file (type pdf)
<use graphformatting_files/figure-latex/unnamed-chunk-13-1.pdf>

Underfull \vbox (badness 10000) has occurred while \output is active []

[43]
File: graphformatting_files/figure-latex/unnamed-chunk-14-1.pdf Graphic file (type pdf)
<use graphformatting_files/figure-latex/unnamed-chunk-14-1.pdf>

Underfull \vbox (badness 10000) has occurred while \output is active []

[44] [45] [46

]
Chapter 6.
LaTeX Font Info:    Font shape `TU/lmtt/bx/n' in size <12> not available
(Font)              Font shape `TU/lmtt/b/n' tried instead on input line 1057.
[47] [48]

Package fontspec Info: DejaVu Sans scale = 0.7881118402195612.


Package fontspec Info: DejaVu Sans scale = 0.7881118402195612.


Package fontspec Info: DejaVu Sans/B scale = 0.7881118402195612.


Package fontspec Info: DejaVu Sans/I scale = 0.7881118402195612.


Package fontspec Info: DejaVu Sans/BI scale = 0.7881118402195612.


Package fontspec Info: Font family 'DejaVuSans(0)' created for font 'DejaVu
(fontspec)             Sans' with options
(fontspec)             [Scale=MatchLowercase,Ligatures=TeX,Scale=1].
(fontspec)              
(fontspec)              This font family consists of the following NFSS
(fontspec)             series/shapes:
(fontspec)              
(fontspec)             - 'normal' (m/n) with NFSS spec.: <->s*[1]"DejaVu
(fontspec)             Sans/OT:script=latn;language=dflt;mapping=tex-text;"
(fontspec)             - 'small caps'  (m/sc) with NFSS spec.: 
(fontspec)             - 'bold' (b/n) with NFSS spec.: <->s*[1]"DejaVu
(fontspec)             Sans/B/OT:script=latn;language=dflt;mapping=tex-text;"
(fontspec)             - 'bold small caps'  (b/sc) with NFSS spec.: 
(fontspec)             - 'italic' (m/it) with NFSS spec.: <->s*[1]"DejaVu
(fontspec)             Sans/I/OT:script=latn;language=dflt;mapping=tex-text;"
(fontspec)             - 'italic small caps'  (m/scit) with NFSS spec.: 
(fontspec)             - 'bold italic' (b/it) with NFSS spec.: <->s*[1]"DejaVu
(fontspec)             Sans/BI/OT:script=latn;language=dflt;mapping=tex-text;"
(fontspec)             - 'bold italic small caps'  (b/scit) with NFSS spec.: 

LaTeX Font Info:    Font shape `TU/DejaVuSans(0)/m/n' will be
(Font)              scaled to size 11.0pt on input line 1244.

Package fontspec Info: DejaVu Sans scale = 0.99999746348046.


Package fontspec Info: DejaVu Sans scale = 0.99999746348046.


Package fontspec Info: DejaVu Sans/B scale = 0.99999746348046.


Package fontspec Info: DejaVu Sans/I scale = 0.99999746348046.


Package fontspec Info: DejaVu Sans/BI scale = 0.99999746348046.


Package fontspec Info: Font family 'DejaVuSans(1)' created for font 'DejaVu
(fontspec)             Sans' with options [Scale=MatchLowercase].
(fontspec)              
(fontspec)              This font family consists of the following NFSS
(fontspec)             series/shapes:
(fontspec)              
(fontspec)             - 'normal' (m/n) with NFSS spec.:
(fontspec)             <->s*[0.99999746348046]"DejaVu
(fontspec)             Sans/OT:script=latn;language=dflt;"
(fontspec)             - 'small caps'  (m/sc) with NFSS spec.: 
(fontspec)             - 'bold' (b/n) with NFSS spec.:
(fontspec)             <->s*[0.99999746348046]"DejaVu
(fontspec)             Sans/B/OT:script=latn;language=dflt;"
(fontspec)             - 'bold small caps'  (b/sc) with NFSS spec.: 
(fontspec)             - 'italic' (m/it) with NFSS spec.:
(fontspec)             <->s*[0.99999746348046]"DejaVu
(fontspec)             Sans/I/OT:script=latn;language=dflt;"
(fontspec)             - 'italic small caps'  (m/scit) with NFSS spec.: 
(fontspec)             - 'bold italic' (b/it) with NFSS spec.:
(fontspec)             <->s*[0.99999746348046]"DejaVu
(fontspec)             Sans/BI/OT:script=latn;language=dflt;"
(fontspec)             - 'bold italic small caps'  (b/scit) with NFSS spec.: 

LaTeX Font Info:    Overwriting math alphabet `\mathrm' in version `normal'
(Font)                  TU/lmr/m/n --> TU/DejaVuSans(1)/m/n on input line 1244.
LaTeX Font Info:    Overwriting math alphabet `\mathit' in version `normal'
(Font)                  TU/lmr/m/it --> TU/DejaVuSans(1)/m/it on input line 1244.
LaTeX Font Info:    Overwriting math alphabet `\mathbf' in version `normal'
(Font)                  TU/lmr/bx/n --> TU/DejaVuSans(1)/b/n on input line 1244.

Package fontspec Info: DejaVu Sans scale = 0.7881118402195612.


Package fontspec Info: DejaVu Sans scale = 0.7881118402195612.


Package fontspec Info: DejaVu Sans scale = 0.7881118402195612.


Package fontspec Info: DejaVu Sans scale = 0.7881118402195612.


Package fontspec Info: DejaVu Sans scale = 0.7881118402195612.


Package fontspec Info: DejaVu Sans scale = 0.7881118402195612.


Package fontspec Info: DejaVu Sans scale = 0.7881118402195612.


Package fontspec Info: DejaVu Sans scale = 0.7881118402195612.


Package fontspec Info: DejaVu Sans scale = 0.7881118402195612.


Package fontspec Info: DejaVu Sans scale = 0.7881118402195612.


Package fontspec Info: DejaVu Sans scale = 0.7881118402195612.


Package fontspec Info: DejaVu Sans scale = 0.7881118402195612.


Package fontspec Info: DejaVu Sans scale = 0.7881118402195612.


Package fontspec Info: DejaVu Sans scale = 0.7881118402195612.


Package fontspec Info: DejaVu Sans scale = 0.7881118402195612.


Package fontspec Info: DejaVu Sans scale = 0.7881118402195612.


Package fontspec Info: DejaVu Sans scale = 0.7881118402195612.


Package fontspec Info: DejaVu Sans scale = 0.7881118402195612.


Package fontspec Info: DejaVu Sans scale = 0.7881118402195612.


Package fontspec Info: DejaVu Sans scale = 0.7881118402195612.


Package fontspec Info: DejaVu Sans scale = 0.7881118402195612.


Package fontspec Info: DejaVu Sans scale = 0.7881118402195612.


Package fontspec Info: DejaVu Sans scale = 0.7881118402195612.


Package fontspec Info: DejaVu Sans scale = 0.7881118402195612.


Package fontspec Info: DejaVu Sans scale = 0.7881118402195612.


Package fontspec Info: DejaVu Sans scale = 0.7881118402195612.


Package fontspec Info: DejaVu Sans scale = 0.7881118402195612.


Package fontspec Info: DejaVu Sans scale = 0.7881118402195612.


Package fontspec Info: DejaVu Sans scale = 0.7881118402195612.

[49] [50] [51] [52]
Chapter 7.
[53

] [54] [55] [56

] [57] [58]
Chapter 8.
[59

] [60]
Underfull \hbox (badness 1354) in paragraph at lines 1745--1746
[]\TU/lmr/m/n/10 What type of variables are \TU/lmtt/m/n/10 Country\TU/lmr/m/n/10 , \TU/lmtt/m/n/10 EducationExpenditure\TU/lmr/m/n/10 , and
 []

[61] [62

]
Chapter 9.
[63] [64] [65] [66]
Chapter 10.
[67

] [68] [69] [70]
Chapter 11.
[71

]
Underfull \hbox (badness 1430) in paragraph at lines 2109--2110
\TU/lmr/m/n/10 For example, \TU/lmtt/m/n/10 jurors$struck_state \TU/lmr/m/n/10 gives us the data values from the
 []

[72] [73]
File: Class_Activity_4_files/figure-latex/unnamed-chunk-10-1.pdf Graphic file (type pdf)
<use Class_Activity_4_files/figure-latex/unnamed-chunk-10-1.pdf>
[74] [75]
File: Class_Activity_4_files/figure-latex/unnamed-chunk-15-1.pdf Graphic file (type pdf)
<use Class_Activity_4_files/figure-latex/unnamed-chunk-15-1.pdf>
[76]
File: Class_Activity_4_files/figure-latex/unnamed-chunk-17-1.pdf Graphic file (type pdf)
<use Class_Activity_4_files/figure-latex/unnamed-chunk-17-1.pdf>
[77] [78] [79]
File: Class_Activity_4_files/figure-latex/unnamed-chunk-27-1.pdf Graphic file (type pdf)
<use Class_Activity_4_files/figure-latex/unnamed-chunk-27-1.pdf>

Underfull \vbox (badness 1248) has occurred while \output is active []

[80]
File: Class_Activity_4_files/figure-latex/unnamed-chunk-28-1.pdf Graphic file (type pdf)
<use Class_Activity_4_files/figure-latex/unnamed-chunk-28-1.pdf>

Underfull \vbox (badness 10000) has occurred while \output is active []

[81] [82] [83]
File: Class_Activity_4_files/figure-latex/unnamed-chunk-32-1.pdf Graphic file (type pdf)
<use Class_Activity_4_files/figure-latex/unnamed-chunk-32-1.pdf>
[84]
File: Class_Activity_4_files/figure-latex/unnamed-chunk-34-1.pdf Graphic file (type pdf)
<use Class_Activity_4_files/figure-latex/unnamed-chunk-34-1.pdf>
[85]
File: Class_Activity_4_files/figure-latex/unnamed-chunk-38-1.pdf Graphic file (type pdf)
<use Class_Activity_4_files/figure-latex/unnamed-chunk-38-1.pdf>
[86] [87] [88

]
Chapter 12.
File: Class_Activity_5_files/figure-latex/unnamed-chunk-1-1.pdf Graphic file (type pdf)
<use Class_Activity_5_files/figure-latex/unnamed-chunk-1-1.pdf>
[89] [90] [91]
File: Class_Activity_5_files/figure-latex/unnamed-chunk-7-1.pdf Graphic file (type pdf)
<use Class_Activity_5_files/figure-latex/unnamed-chunk-7-1.pdf>
[92]
File: Class_Activity_5_files/figure-latex/unnamed-chunk-8-1.pdf Graphic file (type pdf)
<use Class_Activity_5_files/figure-latex/unnamed-chunk-8-1.pdf>

Underfull \hbox (badness 1755) in paragraph at lines 3050--3050
[]\TU/lmr/bx/n/14.4 Example 5: Hollywood Movies World
 []

[93]
File: Class_Activity_5_files/figure-latex/unnamed-chunk-11-1.pdf Graphic file (type pdf)
<use Class_Activity_5_files/figure-latex/unnamed-chunk-11-1.pdf>
[94] [95] [96]
File: Class_Activity_5_files/figure-latex/unnamed-chunk-14-1.pdf Graphic file (type pdf)
<use Class_Activity_5_files/figure-latex/unnamed-chunk-14-1.pdf>
[97] [98]
Chapter 13.
File: Class_Activity_6_files/figure-latex/unnamed-chunk-2-1.pdf Graphic file (type pdf)
<use Class_Activity_6_files/figure-latex/unnamed-chunk-2-1.pdf>

Underfull \vbox (badness 8075) has occurred while \output is active []

[99

]
File: Class_Activity_6_files/figure-latex/unnamed-chunk-3-1.pdf Graphic file (type pdf)
<use Class_Activity_6_files/figure-latex/unnamed-chunk-3-1.pdf>

Underfull \vbox (badness 10000) has occurred while \output is active []

[100] [101]
File: Class_Activity_6_files/figure-latex/unnamed-chunk-7-1.pdf Graphic file (type pdf)
<use Class_Activity_6_files/figure-latex/unnamed-chunk-7-1.pdf>
[102]
Underfull \vbox (badness 1490) has occurred while \output is active []

[103] [104] [105]
File: Class_Activity_6_files/figure-latex/unnamed-chunk-12-1.pdf Graphic file (type pdf)
<use Class_Activity_6_files/figure-latex/unnamed-chunk-12-1.pdf>
[106] [107] [108]
File: Class_Activity_6_files/figure-latex/unnamed-chunk-18-1.pdf Graphic file (type pdf)
<use Class_Activity_6_files/figure-latex/unnamed-chunk-18-1.pdf>

Underfull \vbox (badness 3250) has occurred while \output is active []

[109]
Overfull \hbox (1.5pt too wide) in paragraph at lines 3715--3715
[]\TU/lmtt/m/n/10 lm(formula = BAC ~ Beers, data = bac, subset = Gender == "female")[] 
 []

[110] [111] [112]
Chapter 14.
[113

] [114]
File: Class_Activity_7_files/figure-latex/unnamed-chunk-4-1.pdf Graphic file (type pdf)
<use Class_Activity_7_files/figure-latex/unnamed-chunk-4-1.pdf>
[115] [116]
File: Class_Activity_7_files/figure-latex/unnamed-chunk-10-1.pdf Graphic file (type pdf)
<use Class_Activity_7_files/figure-latex/unnamed-chunk-10-1.pdf>

Underfull \vbox (badness 7291) has occurred while \output is active []

[117]
File: Class_Activity_7_files/figure-latex/unnamed-chunk-11-1.pdf Graphic file (type pdf)
<use Class_Activity_7_files/figure-latex/unnamed-chunk-11-1.pdf>

Underfull \vbox (badness 10000) has occurred while \output is active []

[118]
File: Class_Activity_7_files/figure-latex/unnamed-chunk-12-1.pdf Graphic file (type pdf)
<use Class_Activity_7_files/figure-latex/unnamed-chunk-12-1.pdf>
[119] [120]
File: Class_Activity_7_files/figure-latex/unnamed-chunk-15-1.pdf Graphic file (type pdf)
<use Class_Activity_7_files/figure-latex/unnamed-chunk-15-1.pdf>
[121]
File: Class_Activity_7_files/figure-latex/unnamed-chunk-17-1.pdf Graphic file (type pdf)
<use Class_Activity_7_files/figure-latex/unnamed-chunk-17-1.pdf>

Underfull \vbox (badness 10000) has occurred while \output is active []

[122] [123] [124

]
Chapter 15.
[125] [126] [127] [128] [129] [130]
Overfull \hbox (21.22345pt too wide) has occurred while \output is active
\TU/lmr/m/sl/10 15.4.  EXAMPLE 4. STATKEY GLOBAL WARMING BY POLITICAL PARTY \TU/lmr/m/n/10 131
 []

[131]
File: Class_Activity_8_files/figure-latex/unnamed-chunk-4-1.pdf Graphic file (type pdf)
<use Class_Activity_8_files/figure-latex/unnamed-chunk-4-1.pdf>

Underfull \vbox (badness 7133) has occurred while \output is active []

[132]
Underfull \vbox (badness 3281) has occurred while \output is active []

[133]
Overfull \hbox (1.5pt too wide) in paragraph at lines 4527--4527
[] \TU/lmtt/m/n/10 Observed difference of statistic:  BadLoan - GoodLoan =  -2.26095[] 
 []

File: Class_Activity_8_files/figure-latex/unnamed-chunk-5-1.pdf Graphic file (type pdf)
<use Class_Activity_8_files/figure-latex/unnamed-chunk-5-1.pdf>
[134] [135]
File: Class_Activity_8_files/figure-latex/unnamed-chunk-9-1.pdf Graphic file (type pdf)
<use Class_Activity_8_files/figure-latex/unnamed-chunk-9-1.pdf>
[136]
LaTeX Font Info:    Font shape `TU/lmtt/bx/n' in size <10> not available
(Font)              Font shape `TU/lmtt/b/n' tried instead on input line 4688.
[137] [138]
Overfull \hbox (1.5pt too wide) in paragraph at lines 4785--4785
[] \TU/lmtt/m/n/10 Observed difference of statistic:  BadLoan - GoodLoan =  -0.03905[] 
 []

File: Class_Activity_8_files/figure-latex/unnamed-chunk-14-1.pdf Graphic file (type pdf)
<use Class_Activity_8_files/figure-latex/unnamed-chunk-14-1.pdf>
[139] [140]
Chapter 16.

Underfull \hbox (badness 10000) in paragraph at lines 4850--4851

 []

[141

] [142] [143] [144

]
Chapter 17.
[145] [146] [147] [148

]
Chapter 18.
[149] [150

]
Chapter 19.
[151]
File: data/wordRand.png Graphic file (type bmp)
<data/wordRand.png>
[152]
File: Class_Activity_12_files/figure-latex/unnamed-chunk-1-1.pdf Graphic file (type pdf)
<use Class_Activity_12_files/figure-latex/unnamed-chunk-1-1.pdf>
[153]
File: Class_Activity_12_files/figure-latex/unnamed-chunk-3-1.pdf Graphic file (type pdf)
<use Class_Activity_12_files/figure-latex/unnamed-chunk-3-1.pdf>
[154] [155]
File: Class_Activity_12_files/figure-latex/unnamed-chunk-6-1.pdf Graphic file (type pdf)
<use Class_Activity_12_files/figure-latex/unnamed-chunk-6-1.pdf>

Underfull \vbox (badness 10000) has occurred while \output is active []

[156]
File: Class_Activity_12_files/figure-latex/unnamed-chunk-7-1.pdf Graphic file (type pdf)
<use Class_Activity_12_files/figure-latex/unnamed-chunk-7-1.pdf>

Underfull \vbox (badness 10000) has occurred while \output is active []

[157] [158] [159] [160

]
Chapter 20.
[161]
File: Class_Activity_13_files/figure-latex/unnamed-chunk-1-1.pdf Graphic file (type pdf)
<use Class_Activity_13_files/figure-latex/unnamed-chunk-1-1.pdf>
[162] [163]
LaTeX Font Info:    Font shape `TU/DejaVuSans(1)/m/n' will be
(Font)              scaled to size 10.0pt on input line 5423.
LaTeX Font Info:    Font shape `TU/DejaVuSans(1)/m/n' will be
(Font)              scaled to size 7.0pt on input line 5423.
LaTeX Font Info:    Font shape `TU/DejaVuSans(1)/m/n' will be
(Font)              scaled to size 5.0pt on input line 5423.
[164]
File: Class_Activity_13_files/figure-latex/unnamed-chunk-2-1.pdf Graphic file (type pdf)
<use Class_Activity_13_files/figure-latex/unnamed-chunk-2-1.pdf>

Underfull \vbox (badness 10000) has occurred while \output is active []

[165] [166] [167] [168]
Chapter 21.
[169

]
File: Class_Activity_14_files/figure-latex/unnamed-chunk-2-1.pdf Graphic file (type pdf)
<use Class_Activity_14_files/figure-latex/unnamed-chunk-2-1.pdf>
File: Class_Activity_14_files/figure-latex/unnamed-chunk-2-2.pdf Graphic file (type pdf)
<use Class_Activity_14_files/figure-latex/unnamed-chunk-2-2.pdf>

Underfull \vbox (badness 10000) has occurred while \output is active []

[170]
Overfull \hbox (2.77844pt too wide) has occurred while \output is active
\TU/lmr/m/sl/10 21.1.  EXAMPLE 1: GENDER STEREOTYPES IN CHILDREN - STUDY 4 \TU/lmr/m/n/10 171
 []

[171] [172]
File: Class_Activity_14_files/figure-latex/unnamed-chunk-5-1.pdf Graphic file (type pdf)
<use Class_Activity_14_files/figure-latex/unnamed-chunk-5-1.pdf>

Overfull \hbox (2.77844pt too wide) has occurred while \output is active
\TU/lmr/m/sl/10 21.1.  EXAMPLE 1: GENDER STEREOTYPES IN CHILDREN - STUDY 4 \TU/lmr/m/n/10 173
 []

[173]
File: Class_Activity_14_files/figure-latex/unnamed-chunk-6-1.pdf Graphic file (type pdf)
<use Class_Activity_14_files/figure-latex/unnamed-chunk-6-1.pdf>
File: Class_Activity_14_files/figure-latex/unnamed-chunk-6-2.pdf Graphic file (type pdf)
<use Class_Activity_14_files/figure-latex/unnamed-chunk-6-2.pdf>
[174]
Overfull \hbox (2.77844pt too wide) has occurred while \output is active
\TU/lmr/m/sl/10 21.1.  EXAMPLE 1: GENDER STEREOTYPES IN CHILDREN - STUDY 4 \TU/lmr/m/n/10 175
 []

[175]
File: Class_Activity_14_files/figure-latex/unnamed-chunk-9-1.pdf Graphic file (type pdf)
<use Class_Activity_14_files/figure-latex/unnamed-chunk-9-1.pdf>

Underfull \vbox (badness 4954) has occurred while \output is active []

[176]
File: Class_Activity_14_files/figure-latex/unnamed-chunk-10-1.pdf Graphic file (type pdf)
<use Class_Activity_14_files/figure-latex/unnamed-chunk-10-1.pdf>

Underfull \vbox (badness 2096) has occurred while \output is active []


Overfull \hbox (2.77844pt too wide) has occurred while \output is active
\TU/lmr/m/sl/10 21.1.  EXAMPLE 1: GENDER STEREOTYPES IN CHILDREN - STUDY 4 \TU/lmr/m/n/10 177
 []

[177]
File: Class_Activity_14_files/figure-latex/unnamed-chunk-11-1.pdf Graphic file (type pdf)
<use Class_Activity_14_files/figure-latex/unnamed-chunk-11-1.pdf>

Underfull \vbox (badness 10000) has occurred while \output is active []

[178]
Overfull \hbox (2.77844pt too wide) has occurred while \output is active
\TU/lmr/m/sl/10 21.1.  EXAMPLE 1: GENDER STEREOTYPES IN CHILDREN - STUDY 4 \TU/lmr/m/n/10 179
 []

[179]
File: Class_Activity_14_files/figure-latex/unnamed-chunk-11-2.pdf Graphic file (type pdf)
<use Class_Activity_14_files/figure-latex/unnamed-chunk-11-2.pdf>
[180]
Overfull \hbox (2.77844pt too wide) has occurred while \output is active
\TU/lmr/m/sl/10 21.1.  EXAMPLE 1: GENDER STEREOTYPES IN CHILDREN - STUDY 4 \TU/lmr/m/n/10 181
 []

[181] [182

]
Chapter 22.
[183] [184]
Underfull \hbox (badness 10000) in paragraph at lines 6154--6155

 []

[185]
Underfull \hbox (badness 10000) in paragraph at lines 6187--6188

 []

[186]
Chapter 23.
[187

]
File: Class_Activity_16_files/figure-latex/unnamed-chunk-2-1.pdf Graphic file (type pdf)
<use Class_Activity_16_files/figure-latex/unnamed-chunk-2-1.pdf>
[188]
Overfull \hbox (71.03514pt too wide) has occurred while \output is active
\TU/lmr/m/sl/10 23.2.  EXAMPLE 2: DO MEN AND WOMEN DIFFER IN OPINIONS ABOUT DIVORCE? \TU/lmr/m/n/10 189
 []

[189]
File: Class_Activity_16_files/figure-latex/unnamed-chunk-6-1.pdf Graphic file (type pdf)
<use Class_Activity_16_files/figure-latex/unnamed-chunk-6-1.pdf>

Underfull \vbox (badness 10000) has occurred while \output is active []

[190]
Overfull \hbox (71.03514pt too wide) has occurred while \output is active
\TU/lmr/m/sl/10 23.2.  EXAMPLE 2: DO MEN AND WOMEN DIFFER IN OPINIONS ABOUT DIVORCE? \TU/lmr/m/n/10 191
 []

[191] [192

]
Chapter 24.
[193] [194] [195] [196

]
Chapter 25.
[197]
Overfull \hbox (32.85263pt too wide) detected at line 6550
[] [] [] [] [] [] [] [] [][][][][]
 []

[198] [199] [200] [201] [202

]
Chapter 26.
[203]
File: Class_Activity_19_files/figure-latex/unnamed-chunk-2-1.pdf Graphic file (type pdf)
<use Class_Activity_19_files/figure-latex/unnamed-chunk-2-1.pdf>
[204] [205] [206] [207]
File: Class_Activity_19_files/figure-latex/unnamed-chunk-9-1.pdf Graphic file (type pdf)
<use Class_Activity_19_files/figure-latex/unnamed-chunk-9-1.pdf>
[208] [209] [210]
Chapter 27.
[211

]
File: Class_Activity_20_files/figure-latex/unnamed-chunk-2-1.pdf Graphic file (type pdf)
<use Class_Activity_20_files/figure-latex/unnamed-chunk-2-1.pdf>
[212]
Overfull \hbox (174.75pt too wide) in paragraph at lines 7210--7210
[]\TU/lmtt/m/n/10 alternative hypothesis: true difference in means between group high and group low is not equal to 0[] 
 []

[213] [214]
Overfull \hbox (174.75pt too wide) in paragraph at lines 7311--7311
[]\TU/lmtt/m/n/10 alternative hypothesis: true difference in means between group high and group low is not equal to 0[] 
 []

[215]
Underfull \hbox (badness 10000) in paragraph at lines 7328--7329

 []

[216]
Overfull \hbox (38.25pt too wide) in paragraph at lines 7354--7354
[]  \TU/lmtt/m/n/10 Sample mean:  2.78 ; sample standard deviation:  6.05 ; sample size: 36[] 
 []


Overfull \hbox (6.75pt too wide) in paragraph at lines 7354--7354
[]  \TU/lmtt/m/n/10 95 percent confidence interval for true mean:  1.0763  , Infinity[] 
 []


Overfull \hbox (6.75pt too wide) in paragraph at lines 7354--7354
[]  \TU/lmtt/m/n/10 t statistic =  2.757 ; degrees of freedom =  35 ; p-value= 0.0046[] 
 []

[217] [218]
Chapter 28.
[219

] [220] [221] [222

]
Chapter 29.
[223] [224]
File: Class_Activity_22_files/figure-latex/unnamed-chunk-4-1.pdf Graphic file (type pdf)
<use Class_Activity_22_files/figure-latex/unnamed-chunk-4-1.pdf>

Underfull \vbox (badness 10000) has occurred while \output is active []


Overfull \hbox (58.48735pt too wide) has occurred while \output is active
\TU/lmr/m/sl/10 29.1.  EXAMPLE 1: DOES POLITICAL COMFORT LEVEL DEPEND ON RELIGION? \TU/lmr/m/n/10 225
 []

[225] [226]
Overfull \hbox (58.48735pt too wide) has occurred while \output is active
\TU/lmr/m/sl/10 29.1.  EXAMPLE 1: DOES POLITICAL COMFORT LEVEL DEPEND ON RELIGION? \TU/lmr/m/n/10 227
 []

[227] [228]
Overfull \hbox (58.48735pt too wide) has occurred while \output is active
\TU/lmr/m/sl/10 29.1.  EXAMPLE 1: DOES POLITICAL COMFORT LEVEL DEPEND ON RELIGION? \TU/lmr/m/n/10 229
 []

[229] [230] [231]
Overfull \hbox (11.88928pt too wide) detected at line 7997
[]
 []

[232]
Overfull \hbox (73.51999pt too wide) in paragraph at lines 8025--8033
[][] 
 []


Overfull \hbox (37.26001pt too wide) in paragraph at lines 8048--8061
[][] 
 []


Overfull \hbox (19.80954pt too wide) has occurred while \output is active
\TU/lmr/m/sl/10 29.3.  (OPTIONAL) EXAMPLE 3: COLLEGE GRADUATES AND EXERCISE \TU/lmr/m/n/10 233
 []

[233] [234]
Overfull \hbox (32.17207pt too wide) detected at line 8138
[]
 []


Overfull \hbox (19.80954pt too wide) has occurred while \output is active
\TU/lmr/m/sl/10 29.3.  (OPTIONAL) EXAMPLE 3: COLLEGE GRADUATES AND EXERCISE \TU/lmr/m/n/10 235
 []

[235] [236]
Chapter 30.
File: Class_Activity_23_files/figure-latex/unnamed-chunk-1-1.pdf Graphic file (type pdf)
<use Class_Activity_23_files/figure-latex/unnamed-chunk-1-1.pdf>
[237

] [238]
File: Class_Activity_23_files/figure-latex/unnamed-chunk-3-1.pdf Graphic file (type pdf)
<use Class_Activity_23_files/figure-latex/unnamed-chunk-3-1.pdf>
[239]
File: Class_Activity_23_files/figure-latex/unnamed-chunk-3-2.pdf Graphic file (type pdf)
<use Class_Activity_23_files/figure-latex/unnamed-chunk-3-2.pdf>
[240]
File: Class_Activity_23_files/figure-latex/unnamed-chunk-4-1.pdf Graphic file (type pdf)
<use Class_Activity_23_files/figure-latex/unnamed-chunk-4-1.pdf>
[241]
File: Class_Activity_23_files/figure-latex/unnamed-chunk-5-1.pdf Graphic file (type pdf)
<use Class_Activity_23_files/figure-latex/unnamed-chunk-5-1.pdf>

Underfull \vbox (badness 7963) has occurred while \output is active []

[242] [243] [244] [245] [246

]
Chapter 31.
File: Class_Activity_24_files/figure-latex/unnamed-chunk-2-1.pdf Graphic file (type pdf)
<use Class_Activity_24_files/figure-latex/unnamed-chunk-2-1.pdf>

Underfull \vbox (badness 1005) has occurred while \output is active []

[247]
File: Class_Activity_24_files/figure-latex/unnamed-chunk-3-1.pdf Graphic file (type pdf)
<use Class_Activity_24_files/figure-latex/unnamed-chunk-3-1.pdf>

Underfull \vbox (badness 10000) has occurred while \output is active []

[248] [249] [250]
LaTeX Font Info:    Font shape `TU/DejaVuSans(1)/m/n' will be
(Font)              scaled to size 12.0pt on input line 8707.
LaTeX Font Info:    Font shape `TU/DejaVuSans(1)/m/n' will be
(Font)              scaled to size 8.0pt on input line 8707.
LaTeX Font Info:    Font shape `TU/DejaVuSans(1)/m/n' will be
(Font)              scaled to size 6.0pt on input line 8707.
[251] [252] [253]
Underfull \hbox (badness 2384) in paragraph at lines 8817--8818
[]\TU/lmr/m/n/10 The F test stat is the ratio of the group MS and error MS:
 []

[254] [255]
No file myBookfile.bbl.
[256] (./myBookfile.aux)

LaTeX Warning: There were multiply-defined labels.

Package rerunfilecheck Info: File `myBookfile.out' has not changed.
(rerunfilecheck)             Checksum: DFCFB091DE81E4E13B629AF9B94BDD89;20803.
 ) 
Here is how much of TeX's memory you used:
 21714 strings out of 478759
 440556 string characters out of 5849975
 1866482 words of memory out of 5000000
 41365 multiletter control sequences out of 15000+600000
 519671 words of font info for 111 fonts, out of 8000000 for 9000
 14 hyphenation exceptions out of 8191
 86i,10n,128p,1999b,542s stack positions out of 10000i,1000n,20000p,200000b,200000s

Output written on myBookfile.pdf (256 pages).
